-------------------------------------------------------------------------------
Test set: com.aditya.ShoppingBackend3.CalculatorTest
-------------------------------------------------------------------------------
Tests run: 1, Failures: 1, Errors: 0, Skipped: 0, Time elapsed: 0 s <<< FAILURE! - in com.aditya.ShoppingBackend3.CalculatorTest
testaddPass(com.aditya.ShoppingBackend3.CalculatorTest)  Time elapsed: 0 s  <<< FAILURE!
junit.framework.AssertionFailedError: expected:<12> but was:<30>
	at com.aditya.ShoppingBackend3.CalculatorTest.testaddPass(CalculatorTest.java:35)

